生成启动时间为 2015/4/9 17:32:46。
     1>项目“C:\Users\fyc\Desktop\数据结构\线性表\顺序实现\ConsoleApplication1\ConsoleApplication1.vcxproj”在节点 2 上(Build 个目标)。
     1>ClCompile:
         C:\Program Files (x86)\Microsoft Visual Studio 12.0\VC\bin\CL.exe /c /ZI /nologo /W3 /WX- /sdl /Od /Oy- /D WIN32 /D _DEBUG /D _CONSOLE /D _LIB /D _UNICODE /D UNICODE /Gm /EHsc /RTC1 /MDd /GS /fp:precise /Zc:wchar_t /Zc:forScope /Fo"Debug\\" /Fd"Debug\vc120.pdb" /Gd /TP /analyze- /errorReport:prompt test1.cpp
         test1.cpp
     1>c:\users\fyc\desktop\数据结构\线性表\顺序实现\consoleapplication1\test.h(32): error C2065: “cout”: 未声明的标识符
     1>c:\users\fyc\desktop\数据结构\线性表\顺序实现\consoleapplication1\test.h(32): error C2065: “endl”: 未声明的标识符
     1>c:\users\fyc\desktop\数据结构\线性表\顺序实现\consoleapplication1\test.h(59): error C2065: “cerr”: 未声明的标识符
     1>c:\users\fyc\desktop\数据结构\线性表\顺序实现\consoleapplication1\test.h(69): error C2065: “vector”: 未声明的标识符
     1>c:\users\fyc\desktop\数据结构\线性表\顺序实现\consoleapplication1\test.h(69): error C2275: “ElemType”: 将此类型用作表达式非法
                 c:\users\fyc\desktop\数据结构\线性表\顺序实现\consoleapplication1\test.h(4) : 参见“ElemType”的声明
     1>c:\users\fyc\desktop\数据结构\线性表\顺序实现\consoleapplication1\test.h(69): error C2039: “size_type”: 不是“`global namespace'”的成员
     1>c:\users\fyc\desktop\数据结构\线性表\顺序实现\consoleapplication1\test.h(69): error C2065: “size_type”: 未声明的标识符
     1>c:\users\fyc\desktop\数据结构\线性表\顺序实现\consoleapplication1\test.h(69): error C2146: 语法错误: 缺少“;”(在标识符“i”的前面)
     1>c:\users\fyc\desktop\数据结构\线性表\顺序实现\consoleapplication1\test.h(69): error C2065: “i”: 未声明的标识符
     1>c:\users\fyc\desktop\数据结构\线性表\顺序实现\consoleapplication1\test.h(69): error C2146: 语法错误: 缺少“)”(在标识符“i”的前面)
     1>c:\users\fyc\desktop\数据结构\线性表\顺序实现\consoleapplication1\test.h(69): error C2059: 语法错误:“;”
     1>c:\users\fyc\desktop\数据结构\线性表\顺序实现\consoleapplication1\test.h(69): error C2059: 语法错误:“)”
     1>c:\users\fyc\desktop\数据结构\线性表\顺序实现\consoleapplication1\test.h(70): error C2146: 语法错误: 缺少“;”(在标识符“cout”的前面)
     1>c:\users\fyc\desktop\数据结构\线性表\顺序实现\consoleapplication1\test.h(70): error C2065: “cout”: 未声明的标识符
     1>c:\users\fyc\desktop\数据结构\线性表\顺序实现\consoleapplication1\test.h(70): error C2065: “i”: 未声明的标识符
     1>c:\users\fyc\desktop\数据结构\线性表\顺序实现\consoleapplication1\test.h(70): error C2065: “endl”: 未声明的标识符
     1>c:\users\fyc\desktop\数据结构\线性表\顺序实现\consoleapplication1\test.h(75): error C2065: “vector”: 未声明的标识符
     1>c:\users\fyc\desktop\数据结构\线性表\顺序实现\consoleapplication1\test.h(75): error C2275: “ElemType”: 将此类型用作表达式非法
                 c:\users\fyc\desktop\数据结构\线性表\顺序实现\consoleapplication1\test.h(4) : 参见“ElemType”的声明
     1>c:\users\fyc\desktop\数据结构\线性表\顺序实现\consoleapplication1\test.h(75): error C2039: “size_type”: 不是“`global namespace'”的成员
     1>c:\users\fyc\desktop\数据结构\线性表\顺序实现\consoleapplication1\test.h(75): error C2065: “size_type”: 未声明的标识符
     1>c:\users\fyc\desktop\数据结构\线性表\顺序实现\consoleapplication1\test.h(75): error C2146: 语法错误: 缺少“;”(在标识符“i”的前面)
     1>c:\users\fyc\desktop\数据结构\线性表\顺序实现\consoleapplication1\test.h(75): error C2065: “i”: 未声明的标识符
     1>c:\users\fyc\desktop\数据结构\线性表\顺序实现\consoleapplication1\test.h(75): error C2146: 语法错误: 缺少“)”(在标识符“i”的前面)
     1>c:\users\fyc\desktop\数据结构\线性表\顺序实现\consoleapplication1\test.h(75): error C2059: 语法错误:“;”
     1>c:\users\fyc\desktop\数据结构\线性表\顺序实现\consoleapplication1\test.h(75): error C2059: 语法错误:“)”
     1>c:\users\fyc\desktop\数据结构\线性表\顺序实现\consoleapplication1\test.h(77): error C2143: 语法错误 : 缺少“}”(在“if”的前面)
     1>c:\users\fyc\desktop\数据结构\线性表\顺序实现\consoleapplication1\test.h(77): error C2143: 语法错误 : 缺少“;”(在“if”的前面)
     1>c:\users\fyc\desktop\数据结构\线性表\顺序实现\consoleapplication1\test.h(77): error C2065: “i”: 未声明的标识符
     1>c:\users\fyc\desktop\数据结构\线性表\顺序实现\consoleapplication1\test.h(82): error C2059: 语法错误:“return”
     1>c:\users\fyc\desktop\数据结构\线性表\顺序实现\consoleapplication1\test.h(83): error C2059: 语法错误:“}”
     1>c:\users\fyc\desktop\数据结构\线性表\顺序实现\consoleapplication1\test.h(83): error C2143: 语法错误 : 缺少“;”(在“}”的前面)
     1>c:\users\fyc\desktop\数据结构\线性表\顺序实现\consoleapplication1\test.h(85): error C2143: 语法错误 : 缺少“;”(在“{”的前面)
     1>c:\users\fyc\desktop\数据结构\线性表\顺序实现\consoleapplication1\test.h(85): error C2447: “{”: 缺少函数标题(是否是老式的形式表?)
     1>c:\users\fyc\desktop\数据结构\线性表\顺序实现\consoleapplication1\test.h(103): error C2065: “cerr”: 未声明的标识符
     1>c:\users\fyc\desktop\数据结构\线性表\顺序实现\consoleapplication1\test.h(117): error C2065: “cerr”: 未声明的标识符
     1>c:\users\fyc\desktop\数据结构\线性表\顺序实现\consoleapplication1\test.h(117): error C2065: “endl”: 未声明的标识符
     1>c:\users\fyc\desktop\数据结构\线性表\顺序实现\consoleapplication1\test.h(132): error C2065: “cout”: 未声明的标识符
     1>c:\users\fyc\desktop\数据结构\线性表\顺序实现\consoleapplication1\test.h(132): error C2065: “endl”: 未声明的标识符
     1>c:\users\fyc\desktop\数据结构\线性表\顺序实现\consoleapplication1\test.h(137): error C2065: “cout”: 未声明的标识符
     1>c:\users\fyc\desktop\数据结构\线性表\顺序实现\consoleapplication1\test.h(137): error C2065: “endl”: 未声明的标识符
     1>已完成生成项目“C:\Users\fyc\Desktop\数据结构\线性表\顺序实现\ConsoleApplication1\ConsoleApplication1.vcxproj”(Build 个目标)的操作 - 失败。

生成失败。

已用时间 00:00:02.80
