c:\users\administrator.pc-20141008ehkr\desktop\数据结构\线性表\静态链表\静态链表\debug\vc120.pdb
c:\users\administrator.pc-20141008ehkr\desktop\数据结构\线性表\静态链表\静态链表\debug\vc120.idb
c:\users\administrator.pc-20141008ehkr\desktop\数据结构\线性表\静态链表\静态链表\debug\源.obj
c:\users\administrator.pc-20141008ehkr\desktop\数据结构\线性表\静态链表\静态链表\debug\源1.obj
c:\users\administrator.pc-20141008ehkr\desktop\数据结构\线性表\静态链表\静态链表\debug\源3.obj
c:\users\administrator.pc-20141008ehkr\desktop\数据结构\线性表\静态链表\静态链表\debug\源2.obj
c:\users\administrator.pc-20141008ehkr\desktop\数据结构\线性表\静态链表\debug\静态链表.ilk
c:\users\administrator.pc-20141008ehkr\desktop\数据结构\线性表\静态链表\debug\静态链表.exe
c:\users\administrator.pc-20141008ehkr\desktop\数据结构\线性表\静态链表\debug\静态链表.pdb
c:\users\fyc\desktop\数据结构\线性表\静态链表\静态链表\debug\源.obj
c:\users\fyc\desktop\数据结构\线性表\静态链表\静态链表\debug\源1.obj
c:\users\fyc\desktop\数据结构\线性表\静态链表\静态链表\debug\源2.obj
c:\users\fyc\desktop\数据结构\线性表\静态链表\静态链表\debug\源3.obj
c:\users\fyc\desktop\数据结构\线性表\静态链表\静态链表\debug\vc120.idb
c:\users\fyc\desktop\数据结构\线性表\静态链表\静态链表\debug\vc120.pdb
c:\users\fyc\desktop\数据结构\线性表\静态链表\debug\静态链表.pdb
c:\users\fyc\desktop\数据结构\线性表\静态链表\debug\静态链表.exe
c:\users\fyc\desktop\数据结构\线性表\静态链表\debug\静态链表.ilk
c:\users\fyc\desktop\数据结构\线性表\静态链表\静态链表\debug\静态链表.tlog\cl.command.1.tlog
c:\users\fyc\desktop\数据结构\线性表\静态链表\静态链表\debug\静态链表.tlog\cl.read.1.tlog
c:\users\fyc\desktop\数据结构\线性表\静态链表\静态链表\debug\静态链表.tlog\cl.write.1.tlog
c:\users\fyc\desktop\数据结构\线性表\静态链表\静态链表\debug\静态链表.tlog\link.command.1.tlog
c:\users\fyc\desktop\数据结构\线性表\静态链表\静态链表\debug\静态链表.tlog\link.read.1.tlog
c:\users\fyc\desktop\数据结构\线性表\静态链表\静态链表\debug\静态链表.tlog\link.write.1.tlog
